#
# A fatal error has been detected by the Java Runtime Environment:
#
#  EXCEPTION_ACCESS_VIOLATION (0xc0000005) at pc=0x000000001efab0ee, pid=7008, tid=6876
#
# JRE version: Java(TM) SE Runtime Environment (8.0_91-b15) (build 1.8.0_91-b15)
# Java VM: Java HotSpot(TM) 64-Bit Server VM (25.91-b15 mixed mode windows-amd64 compressed oops)
# Problematic frame:
# C  [ig75icd64.dll+0x7b0ee]
#
# Failed to write core dump. Minidumps are not enabled by default on client versions of Windows
#
# If you would like to submit a bug report, please visit:
#   http://bugreport.java.com/bugreport/crash.jsp
# The crash happened outside the Java Virtual Machine in native code.
# See problematic frame for where to report the bug.
#

---------------  T H R E A D  ---------------

Current thread (0x0000000002960800):  JavaThread "main" [_thread_in_native, id=6876, stack(0x0000000002820000,0x0000000002920000)]

siginfo: ExceptionCode=0xc0000005, reading address 0x0000000000000000

Registers:
RAX=0x0000000020be13b8, RBX=0x0000000000000028, RCX=0x0000000000000000, RDX=0x0000000020be1340
RSP=0x000000000291e850, RBP=0x0000000000000002, RSI=0x0000000000000000, RDI=0x0000000000000009
R8 =0x000000001ee39b94, R9 =0x0000000000000005, R10=0x0000000020bd7900, R11=0x0000000000000100
R12=0x000000001eda4840, R13=0x0000000000000002, R14=0x0000000020ce9810, R15=0x0000000000000004
RIP=0x000000001efab0ee, EFLAGS=0x0000000000010206

Top of Stack: (sp=0x000000000291e850)
0x000000000291e850:   00007e4600000040 0000000000000000
0x000000000291e860:   0000000000000000 0000000020b9faa0
0x000000000291e870:   000000000291e9b0 0000000000000100
0x000000000291e880:   0000010000000001 000000000291e8f9
0x000000000291e890:   0000000020cab7b0 0000000020be13b8
0x000000000291e8a0:   0000000000000000 0000000002960800
0x000000000291e8b0:   000000001ee39b80 0000000000000000
0x000000000291e8c0:   0000000020ce9810 00007ffa00000100
0x000000000291e8d0:   0000000000000000 0000000056cf3301
0x000000000291e8e0:   40000ec0400000c0 0000000000000000
0x000000000291e8f0:   0000000000000000 0000000000000000
0x000000000291e900:   0000000000000000 0000000100000000
0x000000000291e910:   000000000291e8b0 0000000000000001
0x000000000291e920:   0000000000000000 0000000002960800
0x000000000291e930:   0000000000f50cc0 000000000000002e
0x000000000291e940:   0000000000000020 0000000020cc3050 

Instructions: (pc=0x000000001efab0ee)
0x000000001efab0ce:   04 b0 44 2b ce 49 8b 52 18 4d 8d 40 04 48 8d 5b
0x000000001efab0de:   08 48 8b 44 13 f8 48 8b 88 c0 00 00 00 48 8b 02
0x000000001efab0ee:   0f 10 11 0f 10 59 10 0f 10 41 20 0f 29 84 24 f0
0x000000001efab0fe:   00 00 00 0f 10 49 30 66 0f 73 db 08 48 8b 88 c0 


Register to memory mapping:

RAX=0x0000000020be13b8 is an unknown value
RBX=0x0000000000000028 is an unknown value
RCX=0x0000000000000000 is an unknown value
RDX=0x0000000020be1340 is an unknown value
RSP=0x000000000291e850 is pointing into the stack for thread: 0x0000000002960800
RBP=0x0000000000000002 is an unknown value
RSI=0x0000000000000000 is an unknown value
RDI=0x0000000000000009 is an unknown value
R8 =0x000000001ee39b94 is an unknown value
R9 =0x0000000000000005 is an unknown value
R10=0x0000000020bd7900 is an unknown value
R11=0x0000000000000100 is an unknown value
R12=0x000000001eda4840 is an unknown value
R13=0x0000000000000002 is an unknown value
R14=0x0000000020ce9810 is an unknown value
R15=0x0000000000000004 is an unknown value


Stack: [0x0000000002820000,0x0000000002920000],  sp=0x000000000291e850,  free space=1018k
Native frames: (J=compiled Java code, j=interpreted, Vv=VM code, C=native code)
C  [ig75icd64.dll+0x7b0ee]
C  [ig75icd64.dll+0x6e83e]
C  [ig75icd64.dll+0x76056]
C  [ig75icd64.dll+0x2870ba]
C  [ig75icd64.dll+0x21ff26]
C  [ig75icd64.dll+0x149008]
C  [ig75icd64.dll+0x2d75ef]
C  [ig75icd64.dll+0x376569]
C  [ig75icd64.dll+0x4b7fb1]
C  [ig75icd64.dll+0x43d67c]
C  [ig75icd64.dll+0x43ebcd]
C  0x0000000002b37f54

Java frames: (J=compiled Java code, j=interpreted, Vv=VM code)
j  org.lwjgl.opengl.GL11.nglCallList(IJ)V+0
j  org.lwjgl.opengl.GL11.glCallList(I)V+15
j  properties.Mesh.renderMesh()V+15
j  properties.Mesh.render(Lbase/RenderContex;Lbase/Object3d;)V+71
j  properties.MultiMesh.lambda$3(Lbase/RenderContex;Lbase/Object3d;Lproperties/Mesh;)V+3
j  properties.MultiMesh$$Lambda$6.accept(Ljava/lang/Object;)V+12
j  java.util.ArrayList.forEach(Ljava/util/function/Consumer;)V+47
j  properties.MultiMesh.render(Lbase/RenderContex;Lbase/Object3d;)V+11
j  base.Object3d.lambda$5(Lbase/RenderContex;Lproperties/Property3d;)V+3
j  base.Object3d$$Lambda$5.accept(Ljava/lang/Object;)V+12
j  java.util.ArrayList.forEach(Ljava/util/function/Consumer;)V+47
j  base.Object3d.render(Lbase/RenderContex;)V+33
j  base.Object3d.lambda$4(Lbase/RenderContex;Lbase/Object3d;)V+2
j  base.Object3d$$Lambda$4.accept(Ljava/lang/Object;)V+8
j  java.util.ArrayList.forEach(Ljava/util/function/Consumer;)V+47
j  java.util.Collections$UnmodifiableCollection.forEach(Ljava/util/function/Consumer;)V+5
j  base.Object3d.render(Lbase/RenderContex;)V+17
j  base.Scene.render(Lbase/Camera;)V+51
j  examples.Test1.main([Ljava/lang/String;)V+172
v  ~StubRoutines::call_stub

---------------  P R O C E S S  ---------------

Java Threads: ( => current thread )
  0x000000001d92d000 JavaThread "Service Thread" daemon [_thread_blocked, id=5888, stack(0x000000001de10000,0x000000001df10000)]
  0x000000001d918800 JavaThread "C1 CompilerThread2" daemon [_thread_blocked, id=6412, stack(0x000000001dd10000,0x000000001de10000)]
  0x000000001c115000 JavaThread "C2 CompilerThread1" daemon [_thread_blocked, id=6672, stack(0x000000001d810000,0x000000001d910000)]
  0x000000001c0bb000 JavaThread "C2 CompilerThread0" daemon [_thread_blocked, id=8628, stack(0x000000001d710000,0x000000001d810000)]
  0x000000001c0ba000 JavaThread "Attach Listener" daemon [_thread_blocked, id=3948, stack(0x000000001d610000,0x000000001d710000)]
  0x000000001c0b9000 JavaThread "Signal Dispatcher" daemon [_thread_blocked, id=4808, stack(0x000000001d510000,0x000000001d610000)]
  0x000000001c0aa800 JavaThread "Finalizer" daemon [_thread_blocked, id=9008, stack(0x000000001d330000,0x000000001d430000)]
  0x0000000002a51000 JavaThread "Reference Handler" daemon [_thread_blocked, id=8424, stack(0x000000001d230000,0x000000001d330000)]
=>0x0000000002960800 JavaThread "main" [_thread_in_native, id=6876, stack(0x0000000002820000,0x0000000002920000)]

Other Threads:
  0x000000001c087800 VMThread [stack: 0x000000001d130000,0x000000001d230000] [id=4676]
  0x000000001d933000 WatcherThread [stack: 0x000000001df10000,0x000000001e010000] [id=4876]

VM state:not at safepoint (normal execution)

VM Mutex/Monitor currently owned by a thread: None

Heap:
 PSYoungGen      total 75776K, used 53090K [0x000000076b580000, 0x0000000770a00000, 0x00000007c0000000)
  eden space 65024K, 81% used [0x000000076b580000,0x000000076e958ae8,0x000000076f500000)
  from space 10752K, 0% used [0x000000076ff80000,0x000000076ff80000,0x0000000770a00000)
  to   space 10752K, 0% used [0x000000076f500000,0x000000076f500000,0x000000076ff80000)
 ParOldGen       total 173568K, used 0K [0x00000006c2000000, 0x00000006cc980000, 0x000000076b580000)
  object space 173568K, 0% used [0x00000006c2000000,0x00000006c2000000,0x00000006cc980000)
 Metaspace       used 9607K, capacity 9767K, committed 9856K, reserved 1058816K
  class space    used 1074K, capacity 1120K, committed 1152K, reserved 1048576K

Card table byte_map: [0x0000000011ee0000,0x00000000126e0000] byte_map_base: 0x000000000e8d0000

Marking Bits: (ParMarkBitMap*) 0x00000000572f2f70
 Begin Bits: [0x0000000013030000, 0x0000000016fb0000)
 End Bits:   [0x0000000016fb0000, 0x000000001af30000)

Polling page: 0x00000000010b0000

CodeCache: size=245760Kb used=3403Kb max_used=3403Kb free=242356Kb
 bounds [0x0000000002b20000, 0x0000000002e80000, 0x0000000011b20000]
 total_blobs=1464 nmethods=1036 adapters=341
 compilation: enabled

Compilation events (10 events):
Event: 1.545 Thread 0x000000001d918800 1031       3       jdk.internal.org.objectweb.asm.ClassWriter::put122 (15 bytes)
Event: 1.545 Thread 0x000000001d918800 nmethod 1031 0x0000000002e58450 code [0x0000000002e585c0, 0x0000000002e587b8]
Event: 1.545 Thread 0x000000001d918800 1033       3       jdk.internal.org.objectweb.asm.ClassWriter::newClass (9 bytes)
Event: 1.546 Thread 0x000000001d918800 nmethod 1033 0x0000000002e74250 code [0x0000000002e743c0, 0x0000000002e74568]
Event: 1.546 Thread 0x000000001d918800 1034       3       org.lwjgl.opengl.GLContext::getCapabilities (20 bytes)
Event: 1.547 Thread 0x000000001d918800 nmethod 1034 0x0000000002e74850 code [0x0000000002e74a00, 0x0000000002e74ef8]
Event: 1.547 Thread 0x000000001d918800 1035       3       org.lwjgl.opengl.GLContext::getCapabilitiesImpl (23 bytes)
Event: 1.547 Thread 0x000000001d918800 nmethod 1035 0x0000000002e75090 code [0x0000000002e75220, 0x0000000002e755c8]
Event: 1.547 Thread 0x000000001d918800 1036       3       org.lwjgl.BufferChecks::checkFunctionAddress (23 bytes)
Event: 1.547 Thread 0x000000001d918800 nmethod 1036 0x0000000002e756d0 code [0x0000000002e75840, 0x0000000002e75aa8]

GC Heap History (0 events):
No events

Deoptimization events (10 events):
Event: 1.134 Thread 0x0000000002960800 Uncommon trap: reason=class_check action=maybe_recompile pc=0x0000000002d553a8 method=java.util.HashMap.putVal(ILjava/lang/Object;Ljava/lang/Object;ZZ)Ljava/lang/Object; @ 253
Event: 1.135 Thread 0x0000000002960800 Uncommon trap: reason=unstable_if action=reinterpret pc=0x0000000002cc55f8 method=java.lang.String.startsWith(Ljava/lang/String;I)Z @ 25
Event: 1.153 Thread 0x0000000002960800 Uncommon trap: reason=unstable_if action=reinterpret pc=0x0000000002dd02b0 method=java.util.HashMap.putVal(ILjava/lang/Object;Ljava/lang/Object;ZZ)Ljava/lang/Object; @ 181
Event: 1.154 Thread 0x0000000002960800 Uncommon trap: reason=unstable_if action=reinterpret pc=0x0000000002dd4018 method=java.util.HashMap.putVal(ILjava/lang/Object;Ljava/lang/Object;ZZ)Ljava/lang/Object; @ 181
Event: 1.233 Thread 0x0000000002960800 Uncommon trap: reason=class_check action=maybe_recompile pc=0x0000000002e0a578 method=java.util.regex.Pattern$Slice.match(Ljava/util/regex/Matcher;ILjava/lang/CharSequence;)Z @ 75
Event: 1.233 Thread 0x0000000002960800 Uncommon trap: reason=class_check action=maybe_recompile pc=0x0000000002e0a578 method=java.util.regex.Pattern$Slice.match(Ljava/util/regex/Matcher;ILjava/lang/CharSequence;)Z @ 75
Event: 1.233 Thread 0x0000000002960800 Uncommon trap: reason=class_check action=maybe_recompile pc=0x0000000002e0a578 method=java.util.regex.Pattern$Slice.match(Ljava/util/regex/Matcher;ILjava/lang/CharSequence;)Z @ 75
Event: 1.233 Thread 0x0000000002960800 Uncommon trap: reason=class_check action=maybe_recompile pc=0x0000000002e0a578 method=java.util.regex.Pattern$Slice.match(Ljava/util/regex/Matcher;ILjava/lang/CharSequence;)Z @ 75
Event: 1.431 Thread 0x0000000002960800 Uncommon trap: reason=unstable_if action=reinterpret pc=0x0000000002e69384 method=materials.Texture3D.loadTexture(Ljava/awt/image/BufferedImage;ZZ)I @ 93
Event: 1.525 Thread 0x0000000002960800 Uncommon trap: reason=unloaded action=reinterpret pc=0x0000000002e71cc8 method=materials.Texture3D.loadTexture(Ljava/awt/image/BufferedImage;ZZ)I @ 244

Internal exceptions (10 events):
Event: 1.178 Thread 0x0000000002960800 Exception <a 'java/io/FileNotFoundException'> (0x000000076d9d0fe0) thrown at [C:\re\workspace\8-2-build-windows-amd64-cygwin\jdk8u91\7017\hotspot\src\share\vm\prims\jni.cpp, line 709]
Event: 1.178 Thread 0x0000000002960800 Exception <a 'java/io/FileNotFoundException'> (0x000000076d9d1750) thrown at [C:\re\workspace\8-2-build-windows-amd64-cygwin\jdk8u91\7017\hotspot\src\share\vm\prims\jni.cpp, line 709]
Event: 1.178 Thread 0x0000000002960800 Exception <a 'java/io/FileNotFoundException'> (0x000000076d9d1ee8) thrown at [C:\re\workspace\8-2-build-windows-amd64-cygwin\jdk8u91\7017\hotspot\src\share\vm\prims\jni.cpp, line 709]
Event: 1.178 Thread 0x0000000002960800 Exception <a 'java/io/FileNotFoundException'> (0x000000076d9d26a0) thrown at [C:\re\workspace\8-2-build-windows-amd64-cygwin\jdk8u91\7017\hotspot\src\share\vm\prims\jni.cpp, line 709]
Event: 1.179 Thread 0x0000000002960800 Exception <a 'java/io/FileNotFoundException'> (0x000000076d9d2e00) thrown at [C:\re\workspace\8-2-build-windows-amd64-cygwin\jdk8u91\7017\hotspot\src\share\vm\prims\jni.cpp, line 709]
Event: 1.179 Thread 0x0000000002960800 Exception <a 'java/io/FileNotFoundException'> (0x000000076d9d3578) thrown at [C:\re\workspace\8-2-build-windows-amd64-cygwin\jdk8u91\7017\hotspot\src\share\vm\prims\jni.cpp, line 709]
Event: 1.179 Thread 0x0000000002960800 Exception <a 'java/io/FileNotFoundException'> (0x000000076d9d3d10) thrown at [C:\re\workspace\8-2-build-windows-amd64-cygwin\jdk8u91\7017\hotspot\src\share\vm\prims\jni.cpp, line 709]
Event: 1.179 Thread 0x0000000002960800 Exception <a 'java/io/FileNotFoundException'> (0x000000076d9d4490) thrown at [C:\re\workspace\8-2-build-windows-amd64-cygwin\jdk8u91\7017\hotspot\src\share\vm\prims\jni.cpp, line 709]
Event: 1.179 Thread 0x0000000002960800 Exception <a 'java/io/FileNotFoundException'> (0x000000076d9d4c30) thrown at [C:\re\workspace\8-2-build-windows-amd64-cygwin\jdk8u91\7017\hotspot\src\share\vm\prims\jni.cpp, line 709]
Event: 1.179 Thread 0x0000000002960800 Exception <a 'java/io/FileNotFoundException'> (0x000000076d9d53c0) thrown at [C:\re\workspace\8-2-build-windows-amd64-cygwin\jdk8u91\7017\hotspot\src\share\vm\prims\jni.cpp, line 709]

Events (10 events):
Event: 1.545 loading class base/Object3d
Event: 1.545 loading class base/Object3d done
Event: 1.545 loading class base/RenderContex
Event: 1.545 loading class base/RenderContex done
Event: 1.545 loading class properties/Mesh
Event: 1.545 loading class properties/Mesh done
Event: 1.545 loading class base/RenderContex
Event: 1.545 loading class base/RenderContex done
Event: 1.545 loading class org/lwjgl/opengl/GL13
Event: 1.546 loading class org/lwjgl/opengl/GL13 done


Dynamic libraries:
0x00007ff7940a0000 - 0x00007ff7940d7000 	C:\Program Files\Java\jre1.8.0_91\bin\javaw.exe
0x00007ffaa39f0000 - 0x00007ffaa3b9d000 	C:\WINDOWS\SYSTEM32\ntdll.dll
0x00007ffaa2ba0000 - 0x00007ffaa2cde000 	C:\WINDOWS\system32\KERNEL32.DLL
0x00007ffaa0f10000 - 0x00007ffaa1025000 	C:\WINDOWS\system32\KERNELBASE.dll
0x00007ffa9ed50000 - 0x00007ffa9edde000 	C:\WINDOWS\system32\apphelp.dll
0x00007ffa97c20000 - 0x00007ffa97c73000 	C:\WINDOWS\AppPatch\AppPatch64\AcGenral.DLL
0x00007ffaa2780000 - 0x00007ffaa282a000 	C:\WINDOWS\system32\msvcrt.dll
0x00007ffaa0e80000 - 0x00007ffaa0eae000 	C:\WINDOWS\system32\SspiCli.dll
0x00007ffaa10b0000 - 0x00007ffaa1104000 	C:\WINDOWS\system32\SHLWAPI.dll
0x00007ffaa3740000 - 0x00007ffaa38b7000 	C:\WINDOWS\system32\USER32.dll
0x00007ffaa3540000 - 0x00007ffaa36d4000 	C:\WINDOWS\system32\ole32.dll
0x00007ffaa1110000 - 0x00007ffaa2639000 	C:\WINDOWS\system32\SHELL32.dll
0x00007ffaa00f0000 - 0x00007ffaa0111000 	C:\WINDOWS\SYSTEM32\USERENV.dll
0x00007ffaa2f70000 - 0x00007ffaa301a000 	C:\WINDOWS\system32\ADVAPI32.dll
0x00007ffa946a0000 - 0x00007ffa946be000 	C:\WINDOWS\SYSTEM32\MPR.dll
0x00007ffaa2640000 - 0x00007ffaa2780000 	C:\WINDOWS\system32\RPCRT4.dll
0x00007ffaa2990000 - 0x00007ffaa29e9000 	C:\WINDOWS\SYSTEM32\sechost.dll
0x00007ffaa3020000 - 0x00007ffaa3231000 	C:\WINDOWS\SYSTEM32\combase.dll
0x00007ffaa2d50000 - 0x00007ffaa2e9f000 	C:\WINDOWS\system32\GDI32.dll
0x00007ffaa0b20000 - 0x00007ffaa0b35000 	C:\WINDOWS\SYSTEM32\profapi.dll
0x00007ffa9f410000 - 0x00007ffa9f4c2000 	C:\WINDOWS\SYSTEM32\SHCORE.dll
0x00007ffaa3250000 - 0x00007ffaa3286000 	C:\WINDOWS\system32\IMM32.DLL
0x00007ffaa2830000 - 0x00007ffaa2982000 	C:\WINDOWS\system32\MSCTF.dll
0x00007ffa9ef90000 - 0x00007ffa9f20b000 	C:\WINDOWS\WinSxS\amd64_microsoft.windows.common-controls_6595b64144ccf1df_6.0.9600.18006_none_623f33d3ecbe86e8\COMCTL32.dll
0x00000000541d0000 - 0x00000000542a2000 	C:\Program Files\Java\jre1.8.0_91\bin\msvcr100.dll
0x0000000056ae0000 - 0x0000000057373000 	C:\Program Files\Java\jre1.8.0_91\bin\server\jvm.dll
0x00007ffa9a140000 - 0x00007ffa9a149000 	C:\WINDOWS\SYSTEM32\WSOCK32.dll
0x00007ffa8e980000 - 0x00007ffa8e9a2000 	C:\WINDOWS\SYSTEM32\WINMM.dll
0x00007ffa98ea0000 - 0x00007ffa98eaa000 	C:\WINDOWS\SYSTEM32\VERSION.dll
0x00007ffaa1080000 - 0x00007ffaa1087000 	C:\WINDOWS\system32\PSAPI.DLL
0x00007ffaa36e0000 - 0x00007ffaa373a000 	C:\WINDOWS\system32\WS2_32.dll
0x00007ffa8e950000 - 0x00007ffa8e97a000 	C:\WINDOWS\SYSTEM32\WINMMBASE.dll
0x00007ffaa3240000 - 0x00007ffaa3249000 	C:\WINDOWS\system32\NSI.dll
0x00007ffaa1030000 - 0x00007ffaa107f000 	C:\WINDOWS\SYSTEM32\cfgmgr32.dll
0x00007ffa9f940000 - 0x00007ffa9f968000 	C:\WINDOWS\SYSTEM32\DEVOBJ.dll
0x0000000056ad0000 - 0x0000000056adf000 	C:\Program Files\Java\jre1.8.0_91\bin\verify.dll
0x0000000056aa0000 - 0x0000000056ac9000 	C:\Program Files\Java\jre1.8.0_91\bin\java.dll
0x0000000056a80000 - 0x0000000056a96000 	C:\Program Files\Java\jre1.8.0_91\bin\zip.dll
0x0000000054030000 - 0x00000000541c8000 	C:\Program Files\Java\jre1.8.0_91\bin\awt.dll
0x00007ffaa2ea0000 - 0x00007ffaa2f61000 	C:\WINDOWS\system32\OLEAUT32.dll
0x0000000180000000 - 0x0000000180051000 	C:\Users\imakhailov\Downloads\HGL2\HGL2\lwjgl64.dll
0x00007ffa8de00000 - 0x00007ffa8df2b000 	C:\WINDOWS\SYSTEM32\OPENGL32.dll
0x00007ffa8ddd0000 - 0x00007ffa8ddfe000 	C:\WINDOWS\SYSTEM32\GLU32.dll
0x00007ffa8d9c0000 - 0x00007ffa8dab8000 	C:\WINDOWS\SYSTEM32\DDRAW.dll
0x00007ffa8ddc0000 - 0x00007ffa8ddc9000 	C:\WINDOWS\SYSTEM32\DCIMAN32.dll
0x00007ffa9f7c0000 - 0x00007ffa9f8e9000 	C:\WINDOWS\system32\uxtheme.dll
0x00007ffa9f210000 - 0x00007ffa9f231000 	C:\WINDOWS\system32\dwmapi.dll
0x000000001ef30000 - 0x000000001f712000 	C:\WINDOWS\SYSTEM32\ig75icd64.dll
0x00007ffa9ce50000 - 0x00007ffa9d2b0000 	C:\WINDOWS\SYSTEM32\igdusc64.dll
0x00007ffa9f990000 - 0x00007ffa9f99b000 	C:\WINDOWS\SYSTEM32\kernel.appcore.dll
0x00007ffaa09f0000 - 0x00007ffaa09fb000 	C:\WINDOWS\SYSTEM32\CRYPTBASE.dll
0x00007ffaa0920000 - 0x00007ffaa0983000 	C:\WINDOWS\SYSTEM32\bcryptPrimitives.dll
0x00007ffa97b80000 - 0x00007ffa97c12000 	C:\WINDOWS\SYSTEM32\mscms.dll
0x00007ffa97c80000 - 0x00007ffa97cc1000 	C:\WINDOWS\SYSTEM32\icm32.dll
0x00007ffaa0ac0000 - 0x00007ffaa0b06000 	C:\WINDOWS\SYSTEM32\powrprof.dll
0x00007ffa95490000 - 0x00007ffa95619000 	C:\WINDOWS\SYSTEM32\dbghelp.dll

VM Arguments:
jvm_args: -Dfile.encoding=Cp1251 
java_command: examples.Test1
java_class_path (initial): C:\Users\imakhailov\Downloads\HGL2\HGL2\bin;C:\Users\imakhailov\Downloads\HGL2\HGL2\build\game_lib\cfr_0_115.jar;C:\Users\imakhailov\Downloads\HGL2\HGL2\build\game_lib\jbullet.jar;C:\Users\imakhailov\Downloads\HGL2\HGL2\build\game_lib\lwjgl.jar;C:\Users\imakhailov\Downloads\HGL2\HGL2\build\game_lib\lwjgl_util.jar;C:\Users\imakhailov\Downloads\HGL2\HGL2\build\game_lib\vecmath-1.3.1.jar
Launcher Type: SUN_STANDARD

Environment Variables:
JAVA_HOME=C:\Program Files\Java\jdk1.8.0_91
CLASSPATH=C:\Program Files\Java\jdk1.8.0_91\lib
PATH=C:/Program Files/Java/jre1.8.0_91/bin/server;C:/Program Files/Java/jre1.8.0_91/bin;C:/Program Files/Java/jre1.8.0_91/lib/amd64;C:\ProgramData\Oracle\Java\javapath;C:\Program Files (x86)\Intel\iCLS Client\;C:\Program Files\Intel\iCLS Client\;C:\WINDOWS\system32;C:\WINDOWS;C:\WINDOWS\System32\Wbem;C:\WINDOWS\System32\WindowsPowerShell\v1.0\;C:\Program Files\Intel\Intel(R) Management Engine Components\DAL;C:\Program Files\Intel\Intel(R) Management Engine Components\IPT;C:\Program Files (x86)\Intel\Intel(R) Management Engine Components\DAL;C:\Program Files (x86)\Intel\Intel(R) Management Engine Components\IPT;C:\Program Files\Java\jdk1.7.0_75;C:\Program Files\Java\jre7\bin;C:\Program Files (x86)\Java\jre7\bin;C:\Program Files (x86)\Java\jdk1.7.0_79\bin;C:\Users\imakhailov\eclipse\java-neon2\eclipse;
USERNAME=imikhailov
OS=Windows_NT
PROCESSOR_IDENTIFIER=Intel64 Family 6 Model 60 Stepping 3, GenuineIntel



---------------  S Y S T E M  ---------------

OS: Windows 8.1 , 64 bit Build 9600 (6.3.9600.17415)

CPU:total 4 (4 cores per cpu, 1 threads per core) family 6 model 60 stepping 3, cmov, cx8, fxsr, mmx, sse, sse2, sse3, ssse3, sse4.1, sse4.2, popcnt, avx, avx2, aes, clmul, erms, rtm, lzcnt, tsc, tscinvbit, bmi1, bmi2

Memory: 4k page, physical 16645572k(9517216k free), swap 19135940k(10385548k free)

vm_info: Java HotSpot(TM) 64-Bit Server VM (25.91-b15) for windows-amd64 JRE (1.8.0_91-b15), built on May 20 2016 17:43:15 by "java_re" with MS VC++ 10.0 (VS2010)

time: Thu Sep 29 18:27:55 2016
elapsed time: 1 seconds (0d 0h 0m 1s)

